<?xml version="1.0" encoding="UTF-8"?>
<testng-results ignored="0" total="1" passed="1" failed="0" skipped="0">
  <reporter-output>
  </reporter-output>
  <suite started-at="2024-06-13T21:31:21 IST" name="Default suite" finished-at="2024-06-13T21:31:43 IST" duration-ms="22024">
    <groups>
    </groups>
    <test started-at="2024-06-13T21:31:21 IST" name="Default test" finished-at="2024-06-13T21:31:43 IST" duration-ms="22024">
      <class name="Assignment3.Assignment3Test">
        <test-method is-config="true" signature="setup()[pri:0, instance:Assignment3.Assignment3Test@909217e]" started-at="2024-06-13T21:31:21 IST" name="setup" finished-at="2024-06-13T21:31:38 IST" duration-ms="17067" status="PASS">
          <reporter-output>
          </reporter-output>
        </test-method> <!-- setup -->
        <test-method signature="validateLogin()[pri:0, instance:Assignment3.Assignment3Test@909217e]" started-at="2024-06-13T21:31:39 IST" name="validateLogin" finished-at="2024-06-13T21:31:43 IST" duration-ms="4148" status="PASS">
          <reporter-output>
          </reporter-output>
        </test-method> <!-- validateLogin -->
        <test-method is-config="true" signature="tearDown()[pri:0, instance:Assignment3.Assignment3Test@909217e]" started-at="2024-06-13T21:31:43 IST" name="tearDown" finished-at="2024-06-13T21:31:43 IST" duration-ms="603" status="PASS">
          <reporter-output>
          </reporter-output>
        </test-method> <!-- tearDown -->
      </class> <!-- Assignment3.Assignment3Test -->
    </test> <!-- Default test -->
  </suite> <!-- Default suite -->
</testng-results>
